<?xml version="1.0" encoding="UTF-8"?>
<!-- Generated by org.testng.reporters.JUnitReportReporter -->
<testsuite hostname="staah-Lenovo-V130-15IKB" failures="0" tests="6" name="Reports.swaglabs" time="3.376" errors="0" timestamp="2024-02-09T12:32:29 IST" skipped="0">
  <testcase classname="Reports.swaglabs" name="placeOrder" time="0.705"/>
  <testcase classname="Reports.swaglabs" name="checkout" time="0.051"/>
  <testcase classname="Reports.swaglabs" name="goTocart" time="0.125"/>
  <testcase classname="Reports.swaglabs" name="login" time="2.273"/>
  <testcase classname="Reports.swaglabs" name="removeTocart" time="0.044"/>
  <testcase classname="Reports.swaglabs" name="addTocart" time="0.178"/>
</testsuite> <!-- Reports.swaglabs -->
